
2005-01-12 23:31:09 : 1 : Error - Unable to create client directory.  Please try again. : UAnameaddrPhoto.php
2005-01-12 23:37:27 : User id not found  = '0' - 'c1' login.php
2005-03-21 15:30:09 :  : Error - auth cookie not set corretly. Wrong type (93) UserType = '' : hysadmin.php
2005-04-23 16:43:58 :  : Error - Userid cookie not set corretly (92) : hyslogoffAdmin.php
2005-08-08 21:55:40 : 1 : Can't connect to MySQL server on 'family' (13) -  Error doing mysql_select_db for ClientInfoDB (82) - 'm1' : login.php
2005-08-08 21:55:52 : 1 : Can't connect to MySQL server on 'family' (13) -  Error doing mysql_select_db for ClientInfoDB (82) - 'm1' : login.php
2005-08-08 21:56:02 : 1 : Can't connect to MySQL server on 'family' (13) -  Error doing mysql_select_db for ClientInfoDB (82) - 'm1' : login.php
2005-08-08 21:56:20 : 1 : Can't connect to MySQL server on 'family' (13) -  Error doing mysql_select_db for ClientInfoDB (82) - 'm1' : login.php
2005-08-08 22:01:16 : 1 : Access denied for user: 'server@localhost' (Using password: YES) -  Error doing mysql_select_db for ClientInfoDB (82) - 'm1' : login.php
2005-08-08 22:01:47 : 1 : Access denied for user: 'server@localhost' (Using password: YES) -  Error doing mysql_select_db for ClientInfoDB (82) - 'm1' : login.php
2005-08-08 22:03:09 : 1 : Access denied for user: 'server@localhost' (Using password: YES) -  Error doing mysql_select_db for ClientInfoDB (82) - 'M1' : login.php
2005-12-16 09:43:14 :  : Empty field  frodo : login.php
2005-12-16 09:43:26 :  : Empty field  frodo : login.php
2005-12-16 09:43:43 :  : Empty field  janetc : login.php
2005-12-16 09:44:53 :  : Empty field  frodo : login.php
2006-02-27 12:09:23 : 1 : Invalid Password - 'm1' 'frodo', 'janetc' : login.php
2006-03-19 00:20:23 : 1 : User id not found  = '0' - 'tarryc'  userType = 'T' userID = 'ARRYC' num_rows = '0'  : login.php
2006-03-31 19:03:49 : 1 : User id not found  = '0' - 'tarryc'  userType = 'T' userID = 'ARRYC' num_rows = '0'  : login.php
2006-03-31 19:04:00 : 1 : Invalid Password - 'm1' 'frodo', 'janetc' : login.php
2006-05-16 20:08:17 : 1 : User id not found  = '0' - 'tarryc'  userType = 'T' userID = 'ARRYC' num_rows = '0'  : login.php
2006-07-15 11:52:05 : 1 : User id not found  = '0' - 'tarryc'  userType = 'T' userID = 'ARRYC' num_rows = '0'  : login.php
2006-07-15 11:52:29 : 1 : Unknown column 'ProviderTBL.FullNameID' in 'on clause' - Error doing mysql_query join for provider, full name, spectype, ProviderHostTBL and host (195) - '1' : pudoctor.php
2006-07-15 11:52:29 : 1 :  Error more or less then 1 rows returned in select on join for provider, full name, spectype and host. count = ''  - '1' : pudoctor.php
2006-07-15 11:52:29 : 1 :  Error more or less then 1 rows returned in select on join for host and addr. count = '0'  - '1' : pudoctor.php
2006-07-15 11:52:45 : 1 : Unknown column 'ProviderTBL.FullNameID' in 'on clause' - Error doing mysql_query join for provider, full name, spectype, ProviderHostTBL and host (195) - '1' : pudoctor.php
2006-07-15 11:52:45 : 1 :  Error more or less then 1 rows returned in select on join for provider, full name, spectype and host. count = ''  - '1' : pudoctor.php
2006-07-15 11:52:45 : 1 :  Error more or less then 1 rows returned in select on join for host and addr. count = '0'  - '1' : pudoctor.php
2006-07-15 11:53:14 : 1 : Unknown column 'ProviderTBL.FullNameID' in 'on clause' - Error doing mysql_query join for provider, full name, spectype, ProviderHostTBL and host (195) - '1' : pudoctor.php
2006-07-15 11:53:14 : 1 :  Error more or less then 1 rows returned in select on join for provider, full name, spectype and host. count = ''  - '1' : pudoctor.php
2006-07-15 11:53:14 : 1 :  Error more or less then 1 rows returned in select on join for host and addr. count = '0'  - '1' : pudoctor.php
2006-07-15 11:55:49 : 1 : You have an error in your SQL syntax; check the manual that corresponds to your MySQL server version for the right syntax to use near 'Condition, ProviderID, UnitSZ, Quantity, Dosage, Directions, StartDate, StartTim' at line 2 - Error doing mysql_query for ClientPrescriptionTBL (195) - '1' : if_UAprescdetaillist.php
2006-07-15 11:56:25 : 1 : Unknown column 'ProviderTBL.FullNameID' in 'on clause' - Error doing mysql_query join for provider, full name, spectype, ProviderHostTBL and host (195) - '1' : pudoctor.php
2006-07-15 11:56:25 : 1 :  Error more or less then 1 rows returned in select on join for provider, full name, spectype and host. count = ''  - '1' : pudoctor.php
2006-07-15 11:56:25 : 1 :  Error more or less then 1 rows returned in select on join for host and addr. count = '0'  - '1' : pudoctor.php
2006-08-14 09:52:27 : 1 : You have an error in your SQL syntax; check the manual that corresponds to your MySQL server version for the right syntax to use near 'Condition, ProviderID, UnitSZ, Quantity, Dosage, Directions, StartDate, StartTim' at line 3 - Error doing mysql_query for ClientCalendarTBL (195) - '1' : if_presclist.php
2006-10-10 14:58:49 : 1 : Unknown column 'ProviderTBL.FullNameID' in 'on clause' - Error doing mysql_query join for provider, full name, spectype, ProviderHostTBL and host (195) - '1' : pudoctor.php
2006-10-10 14:58:49 : 1 :  Error more or less then 1 rows returned in select on join for provider, full name, spectype and host. count = ''  - '1' : pudoctor.php
2006-10-10 14:58:49 : 1 :  Error more or less then 1 rows returned in select on join for host and addr. count = '0'  - '1' : pudoctor.php
2006-10-10 14:59:00 : 1 : Unknown column 'ProviderTBL.FullNameID' in 'on clause' - Error doing mysql_query join for provider, full name, spectype, ProviderHostTBL and host (195) - '1' : pudoctor.php
2006-10-10 14:59:00 : 1 :  Error more or less then 1 rows returned in select on join for provider, full name, spectype and host. count = ''  - '1' : pudoctor.php
2006-10-10 14:59:00 : 1 :  Error more or less then 1 rows returned in select on join for host and addr. count = '0'  - '1' : pudoctor.php
2006-10-10 14:59:16 : 1 : Unknown column 'ProviderTBL.FullNameID' in 'on clause' - Error doing mysql_query join for provider, full name, spectype, ProviderHostTBL and host (195) - '1' : pudoctor.php
2006-10-10 14:59:16 : 1 :  Error more or less then 1 rows returned in select on join for provider, full name, spectype and host. count = ''  - '1' : pudoctor.php
2006-10-10 14:59:16 : 1 :  Error more or less then 1 rows returned in select on join for host and addr. count = '0'  - '1' : pudoctor.php
2006-10-10 14:59:32 : 1 : You have an error in your SQL syntax; check the manual that corresponds to your MySQL server version for the right syntax to use near 'Condition, ProviderID, UnitSZ, Quantity, Dosage, Directions, StartDate, StartTim' at line 3 - Error doing mysql_query for ClientCalendarTBL (195) - '1' : if_presclist.php
2006-10-10 15:00:31 :  : Error - auth session cookie not set (91) : puhelp.php
2006-12-07 15:34:16 : 1 : You have an error in your SQL syntax; check the manual that corresponds to your MySQL server version for the right syntax to use near 'Condition, ProviderID, UnitSZ, Quantity, Dosage, Directions, StartDate, StartTim' at line 3 - Error doing mysql_query for ClientCalendarTBL (195) - '1' : if_presclist.php
2007-03-18 21:59:33 : 1 : Unknown column 'ProviderTBL.FullNameID' in 'on clause' - Error doing mysql_query join for provider, full name, spectype, ProviderHostTBL and host (195) - '1' : pudoctor.php
2007-03-18 21:59:33 : 1 :  Error more or less then 1 rows returned in select on join for provider, full name, spectype and host. count = ''  - '1' : pudoctor.php
2007-03-18 21:59:33 : 1 :  Error more or less then 1 rows returned in select on join for host and addr. count = '0'  - '1' : pudoctor.php
2007-03-18 21:59:46 : 1 : Unknown column 'ProviderTBL.FullNameID' in 'on clause' - Error doing mysql_query join for provider, full name, spectype, ProviderHostTBL and host (195) - '1' : pudoctor.php
2007-03-18 21:59:46 : 1 :  Error more or less then 1 rows returned in select on join for provider, full name, spectype and host. count = ''  - '1' : pudoctor.php
2007-03-18 21:59:46 : 1 :  Error more or less then 1 rows returned in select on join for host and addr. count = '0'  - '1' : pudoctor.php
2007-03-18 22:00:06 : 1 : You have an error in your SQL syntax; check the manual that corresponds to your MySQL server version for the right syntax to use near 'Condition, ProviderID, UnitSZ, Quantity, Dosage, Directions, StartDate, StartTim' at line 3 - Error doing mysql_query for ClientCalendarTBL (195) - '1' : if_presclist.php
2007-03-18 22:02:33 : 1 : You have an error in your SQL syntax; check the manual that corresponds to your MySQL server version for the right syntax to use near 'Condition, ProviderID, UnitSZ, Quantity, Dosage, Directions, StartDate, StartTim' at line 2 - Error doing mysql_query for ClientPrescriptionTBL (195) - '1' : if_UAprescdetaillist.php
2007-04-13 22:46:44 : 1 : Unknown column 'ProviderTBL.FullNameID' in 'on clause' - Error doing mysql_query join for provider, full name, spectype, ProviderHostTBL and host (195) - '1' : pudoctor.php
2007-04-13 22:46:44 : 1 :  Error more or less then 1 rows returned in select on join for provider, full name, spectype and host. count = ''  - '1' : pudoctor.php
2007-04-13 22:46:44 : 1 :  Error more or less then 1 rows returned in select on join for host and addr. count = '0'  - '1' : pudoctor.php
2007-04-14 17:20:44 : 1 : Unknown column 'ProviderTBL.FullNameID' in 'on clause' - Error doing mysql_query join for provider, full name, spectype, ProviderHostTBL and host (195) - '1' : pudoctor.php
2007-04-14 17:20:44 : 1 :  Error more or less then 1 rows returned in select on join for provider, full name, spectype and host. count = ''  - '1' : pudoctor.php
2007-04-14 17:20:44 : 1 :  Error more or less then 1 rows returned in select on join for host and addr. count = '0'  - '1' : pudoctor.php
2007-04-14 17:21:07 : 1 : You have an error in your SQL syntax; check the manual that corresponds to your MySQL server version for the right syntax to use near 'Condition, ProviderID, UnitSZ, Quantity, Dosage, Directions, StartDate, StartTim' at line 3 - Error doing mysql_query for ClientCalendarTBL (195) - '1' : if_presclist.php
2007-04-17 19:53:44 : 1 : You have an error in your SQL syntax; check the manual that corresponds to your MySQL server version for the right syntax to use near 'Condition, ProviderID, UnitSZ, Quantity, Dosage, Directions, StartDate, StartTim' at line 3 - Error doing mysql_query for ClientCalendarTBL (195) - '1' : if_presclist.php
2007-04-17 19:53:58 : 1 : Unknown column 'ProviderTBL.FullNameID' in 'on clause' - Error doing mysql_query join for provider, full name, spectype, ProviderHostTBL and host (195) - '1' : pudoctor.php
2007-04-17 19:53:58 : 1 :  Error more or less then 1 rows returned in select on join for provider, full name, spectype and host. count = ''  - '1' : pudoctor.php
2007-04-17 19:53:58 : 1 :  Error more or less then 1 rows returned in select on join for host and addr. count = '0'  - '1' : pudoctor.php
2007-04-17 19:54:10 : 1 : Unknown column 'ProviderTBL.FullNameID' in 'on clause' - Error doing mysql_query join for provider, full name, spectype, ProviderHostTBL and host (195) - '1' : pudoctor.php
2007-04-17 19:54:10 : 1 :  Error more or less then 1 rows returned in select on join for provider, full name, spectype and host. count = ''  - '1' : pudoctor.php
2007-04-17 19:54:10 : 1 :  Error more or less then 1 rows returned in select on join for host and addr. count = '0'  - '1' : pudoctor.php
2007-04-17 19:55:52 : 1 : You have an error in your SQL syntax; check the manual that corresponds to your MySQL server version for the right syntax to use near 'Condition, ProviderID, UnitSZ, Quantity, Dosage, Directions, StartDate, StartTim' at line 2 - Error doing mysql_query for ClientPrescriptionTBL (195) - '1' : if_UAprescdetaillist.php
2007-05-17 10:22:24 : 1 : Unknown column 'ProviderTBL.FullNameID' in 'on clause' - Error doing mysql_query join for provider, full name, spectype, ProviderHostTBL and host (195) - '1' : pudoctor.php
2007-05-17 10:22:24 : 1 :  Error more or less then 1 rows returned in select on join for provider, full name, spectype and host. count = ''  - '1' : pudoctor.php
2007-05-17 10:22:24 : 1 :  Error more or less then 1 rows returned in select on join for host and addr. count = '0'  - '1' : pudoctor.php
2007-05-17 10:24:01 : 1 : You have an error in your SQL syntax; check the manual that corresponds to your MySQL server version for the right syntax to use near 'Condition, ProviderID, UnitSZ, Quantity, Dosage, Directions, StartDate, StartTim' at line 2 - Error doing mysql_query for ClientPrescriptionTBL (195) - '1' : if_UAprescdetaillist.php
2007-05-17 10:26:00 : 1 : You have an error in your SQL syntax; check the manual that corresponds to your MySQL server version for the right syntax to use near 'Condition, ProviderID, UnitSZ, Quantity, Dosage, Directions, StartDate, StartTim' at line 3 - Error doing mysql_query for ClientCalendarTBL (195) - '1' : if_presclist.php
2007-11-27 18:43:33 : 1 : Unknown column 'ProviderTBL.FullNameID' in 'on clause' - Error doing mysql_query join for provider, full name, spectype, ProviderHostTBL and host (195) - '1' : pudoctor.php
2007-11-27 18:43:33 : 1 :  Error more or less then 1 rows returned in select on join for provider, full name, spectype and host. count = ''  - '1' : pudoctor.php
2007-11-27 18:43:33 : 1 :  Error more or less then 1 rows returned in select on join for host and addr. count = '0'  - '1' : pudoctor.php
2007-11-27 18:43:43 : 1 : Unknown column 'ProviderTBL.FullNameID' in 'on clause' - Error doing mysql_query join for provider, full name, spectype, ProviderHostTBL and host (195) - '1' : pudoctor.php
2007-11-27 18:43:43 : 1 :  Error more or less then 1 rows returned in select on join for provider, full name, spectype and host. count = ''  - '1' : pudoctor.php
2007-11-27 18:43:43 : 1 :  Error more or less then 1 rows returned in select on join for host and addr. count = '0'  - '1' : pudoctor.php
2007-11-27 18:43:54 : 1 : You have an error in your SQL syntax; check the manual that corresponds to your MySQL server version for the right syntax to use near 'Condition, ProviderID, UnitSZ, Quantity, Dosage, Directions, StartDate, StartTim' at line 3 - Error doing mysql_query for ClientCalendarTBL (195) - '1' : if_presclist.php
2007-11-27 18:45:32 : 1 : Invalid Password - 'c1' 'janetc', 'frodo' : login.php
2007-11-27 18:45:53 : 1 : You have an error in your SQL syntax; check the manual that corresponds to your MySQL server version for the right syntax to use near 'Condition, ProviderID, UnitSZ, Quantity, Dosage, Directions, StartDate, StartTim' at line 2 - Error doing mysql_query for ClientPrescriptionTBL (195) - '14' : if_UAprescdetaillist.php
2008-03-28 13:52:33 :  : Error - Userid cookie not set corretly (92) : if_useridclientlist.php
2008-03-28 13:52:33 :  : Error - Userid cookie not set corretly (92) : if_useridclientlist.php
2008-03-28 13:52:38 :  : Error - auth session cookie not set (91) : hyscusthome.php
2008-03-28 13:52:38 :  : Error - auth session cookie not set (91) : hyscusthome.php
2008-03-28 13:52:38 :  : Error - auth session cookie not set (91) : if_appprescvi.php
2008-03-28 13:52:38 :  : Error - auth session cookie not set (91) : if_appprescvi.php
2008-03-28 13:53:29 :  : Error - auth session cookie not set (91) : if_medhistdetail.php
2008-03-28 13:53:29 :  : Error - auth session cookie not set (91) : if_medhistlist.php
2008-03-28 13:53:29 :  : Error - auth session cookie not set (91) : if_medhistdetail.php
2008-03-28 13:53:29 :  : Error - auth session cookie not set (91) : if_medhistlist.php
2008-03-28 13:53:29 :  : Error - auth session cookie not set (91) : if_medhistscanlist.php
2008-03-28 13:53:30 :  : Error - auth session cookie not set (91) : if_medhistscanlist.php
2008-03-28 13:53:34 :  : Error - auth session cookie not set (91) : if_medhistscanlist.php
2008-03-28 13:53:34 :  : Error - auth session cookie not set (91) : if_medhistscanlist.php
2008-03-28 13:53:51 :  : Error - auth session cookie not set (91) : if_medhistscanlist.php
2008-03-28 13:53:51 :  : Error - auth session cookie not set (91) : if_medhistscanlist.php
2008-03-28 13:54:24 :  : Error - auth session cookie not set (91) : if_medprofiledetail.php
2008-03-28 13:54:24 :  : Error - auth session cookie not set (91) : if_medprofiledetail.php
2008-03-28 13:54:49 :  : Error - auth session cookie not set (91) : if_accessloglist.php
2008-03-28 13:54:49 :  : Error - auth session cookie not set (91) : if_accessloglist.php
2008-03-28 13:55:01 :  : Error - auth session cookie not set (91) : if_RQstatus.php
2008-03-28 13:55:01 :  : Error - auth session cookie not set (91) : if_RQstatus.php
2008-03-28 13:55:01 :  : Error - auth session cookie not set (91) : if_RQstatuslist.php
2008-03-28 13:55:02 :  : Error - auth session cookie not set (91) : if_RQstatuslist.php
2008-03-28 13:55:08 :  : Error - auth session cookie not set (91) : if_RQhistorylist.php
2008-03-28 13:55:08 :  : Error - auth session cookie not set (91) : if_RQhistoryempty.php
2008-03-28 13:55:08 :  : Error - auth session cookie not set (91) : if_RQhistorylist.php
2008-03-28 13:55:08 :  : Error - auth session cookie not set (91) : if_RQhistoryempty.php
2008-03-28 13:55:10 :  : Error - auth session cookie not set (91) : if_RQhistorydetaillog.php
2008-03-28 13:55:11 :  : Error - auth session cookie not set (91) : if_RQhistorydetaillog.php
2008-03-28 13:55:15 :  : Error - auth session cookie not set (91) : if_UAmedappdetaillist.php
2008-03-28 13:55:15 :  : Error - auth session cookie not set (91) : if_UAmedappdetail.php
2008-03-28 13:55:15 :  : Error - auth session cookie not set (91) : if_UAmedappdetaillist.php
2008-03-28 13:55:15 :  : Error - auth session cookie not set (91) : if_UAmedappdetail.php
2008-03-28 13:55:19 :  : Error - auth session cookie not set (91) : if_UAprescdetaillist.php
2008-03-28 13:55:19 :  : Error - auth session cookie not set (91) : if_UAprescdetail.php
2008-03-28 13:55:19 :  : Error - auth session cookie not set (91) : if_UAprescdetaillist.php
2008-03-28 13:55:19 :  : Error - auth session cookie not set (91) : if_UAprescdetail.php
2008-03-28 13:55:19 : 1 : You have an error in your SQL syntax; check the manual that corresponds to your MySQL server version for the right syntax to use near 'Condition, ProviderID, UnitSZ, Quantity, Dosage, Directions, StartDate, StartTim' at line 2 - Error doing mysql_query for ClientPrescriptionTBL (195) - '1' : if_UAprescdetaillist.php
2008-03-28 13:55:28 :  : Error - auth session cookie not set (91) : if_UAmedproffamhistdetail.php
2008-03-28 13:55:28 :  : Error - auth session cookie not set (91) : if_UAmedproffamhistdetail.php
2008-03-28 13:55:31 :  : Error - auth session cookie not set (91) : if_UAnameaddrAddrlist.php
2008-03-28 13:55:31 :  : Error - auth session cookie not set (91) : if_UAnameaddrAddrdetail.php
2008-03-28 13:55:31 :  : Error - auth session cookie not set (91) : if_UAnameaddrAddrlist.php
2008-03-28 13:55:31 :  : Error - auth session cookie not set (91) : if_UAnameaddrAddrdetail.php
2008-03-28 13:55:46 :  : Error - auth session cookie not set (91) : if_appprescvi.php
2008-03-28 13:55:46 :  : Error - auth session cookie not set (91) : if_appprescvi.php
2008-09-06 19:48:42 : 1 : Unknown column 'ProviderTBL.FullNameID' in 'on clause' - Error doing mysql_query join for provider, full name, spectype, ProviderHostTBL and host (195) - '1' : pudoctor.php
2008-09-06 19:48:42 : 1 :  Error more or less then 1 rows returned in select on join for provider, full name, spectype and host. count = ''  - '1' : pudoctor.php
2008-09-06 19:48:42 : 1 :  Error more or less then 1 rows returned in select on join for host and addr. count = '0'  - '1' : pudoctor.php
2008-09-06 19:48:54 : 1 : Unknown column 'ProviderTBL.FullNameID' in 'on clause' - Error doing mysql_query join for provider, full name, spectype, ProviderHostTBL and host (195) - '1' : pudoctor.php
2008-09-06 19:48:54 : 1 :  Error more or less then 1 rows returned in select on join for provider, full name, spectype and host. count = ''  - '1' : pudoctor.php
2008-09-06 19:48:54 : 1 :  Error more or less then 1 rows returned in select on join for host and addr. count = '0'  - '1' : pudoctor.php
2008-09-06 19:49:56 : 1 : You have an error in your SQL syntax; check the manual that corresponds to your MySQL server version for the right syntax to use near 'Condition, ProviderID, UnitSZ, Quantity, Dosage, Directions, StartDate, StartTim' at line 3 - Error doing mysql_query for ClientCalendarTBL (195) - '1' : if_presclist.php
2008-11-07 13:47:12 : 1 : Unknown column 'ProviderTBL.FullNameID' in 'on clause' - Error doing mysql_query join for provider, full name, spectype, ProviderHostTBL and host (195) - '1' : pudoctor.php
2008-11-07 13:47:12 : 1 :  Error more or less then 1 rows returned in select on join for provider, full name, spectype and host. count = ''  - '1' : pudoctor.php
2008-11-07 13:47:12 : 1 :  Error more or less then 1 rows returned in select on join for host and addr. count = '0'  - '1' : pudoctor.php
2008-11-16 11:48:00 : 1 : User id not found  = '0' - 'tarryc'  userType = 'T' userID = 'ARRYC' num_rows = '0'  : login.php
